-0 100 100 -0 -0 100 -0 4.242120242 1.816943471 
0.001 104.76984 100 0.0003748 0.0008750666667 101.5899467 4.76984 4.242120242 1.816943471 
0.002 109.53968 100 0.0007496 0.001750133333 103.1798933 9.53968 4.242120242 1.816943471 
0.003 114.30952 100 0.0011244 0.0026252 104.76984 14.30952 4.242120242 1.816943471 
0.004 119.07936 100 0.0014992 0.003500266667 106.3597867 19.07936 4.242120242 1.816943471 
0.005 123.8492 100 0.001874 0.004375333333 107.9497333 23.8492 4.242120242 1.816943471 
0.006 128.61904 100 0.0022488 0.0052504 109.53968 28.61904 4.242120242 1.816943471 
0.007 133.38888 100 0.0026236 0.006125466667 111.1296267 33.38888 4.242120242 1.816943471 
0.008 138.15872 100 0.0029984 0.007000533333 112.7195733 38.15872 4.242120242 1.816943471 
0.009 142.92856 100 0.0033732 0.0078756 114.30952 42.92856 4.242120242 1.816943471 
0.01 147.6984 100 0.003748 0.008750666667 115.8994667 47.6984 4.242120242 1.816943471 
0.011 152.46824 100 0.0041228 0.009625733333 117.4894133 52.46824 4.242120242 1.816943471 
0.012 157.23808 100 0.0044976 0.0105008 119.07936 57.23808 4.242120242 1.816943471 
0.013 162.00792 100 0.0048724 0.01137586667 120.6693067 62.00792 4.242120242 1.816943471 
0.014 166.77776 100 0.0052472 0.01225093333 122.2592533 66.77776 4.242120242 1.816943471 
0.015 171.5476 100 0.005622 0.013126 123.8492 71.5476 4.242120242 1.816943471 
0.016 176.31744 100 0.0059968 0.01400106667 125.4391467 76.31744 4.242120242 1.816943471 
0.017 181.08728 100 0.0063716 0.01487613333 127.0290933 81.08728 4.242120242 1.816943471 
0.018 185.85712 100 0.0067464 0.0157512 128.61904 85.85712 4.242120242 1.816943471 
0.019 190.62696 100 0.0071212 0.01662626667 130.2089867 90.62696 4.242120242 1.816943471 
0.02 195.3968 100 0.007496 0.01750133333 131.7989333 95.3968 4.242120242 1.816943471 
0.021 200.16664 100 0.0078708 0.0183764 133.38888 100.16664 4.242120242 1.816943471 
0.022 204.93648 100 0.0082456 0.01925146667 134.9788267 104.93648 4.242120242 1.816943471 
0.023 209.70632 100 0.0086204 0.02012653333 136.5687733 109.70632 4.242120242 1.816943471 
0.024 214.47616 100 0.0089952 0.0210016 138.15872 114.47616 4.242120242 1.816943471 
0.025 219.246 100 0.00937 0.02187666667 139.7486667 119.246 4.242120242 1.816943471 
0.026 224.01584 100 0.0097448 0.02275173333 141.3386133 124.01584 4.242120242 1.816943471 
0.027 228.78568 100 0.0101196 0.0236268 142.92856 128.78568 4.242120242 1.816943471 
0.028 233.55552 100 0.0104944 0.02450186667 144.5185067 133.55552 4.242120242 1.816943471 
0.029 238.32536 100 0.0108692 0.02537693333 146.1084533 138.32536 4.242120242 1.816943471 
0.03 243.0952 100 0.011244 0.026252 147.6984 143.0952 4.242120242 1.816943471 
0.031 247.86504 100 0.0116188 0.02712706667 149.2883467 147.86504 4.242120242 1.816943471 
0.032 252.63488 100 0.0119936 0.02800213333 150.8782933 152.63488 4.242120242 1.816943471 
0.033 257.40472 100 0.0123684 0.0288772 152.46824 157.40472 4.242120242 1.816943471 
0.034 262.17456 100 0.0127432 0.02975226667 154.0581867 162.17456 4.242120242 1.816943471 
0.035 266.9444 100 0.013118 0.03062733333 155.6481333 166.9444 4.242120242 1.816943471 
0.036 271.71424 100 0.0134928 0.0315024 157.23808 171.71424 4.242120242 1.816943471 
0.037 276.48408 100 0.0138676 0.03237746667 158.8280267 176.48408 4.242120242 1.816943471 
0.038 281.25392 100 0.0142424 0.03325253333 160.4179733 181.25392 4.242120242 1.816943471 
0.039 286.02376 100 0.0146172 0.0341276 162.00792 186.02376 4.242120242 1.816943471 
0.04 290.7936 100 0.014992 0.03500266667 163.5978667 190.7936 4.242120242 1.816943471 
0.041 295.56344 100 0.0153668 0.03587773333 165.1878133 195.56344 4.242120242 1.816943471 
0.042 300.33328 100 0.0157416 0.0367528 166.77776 200.33328 4.242120242 1.816943471 
0.043 305.10312 100 0.0161164 0.03762786667 168.3677067 205.10312 4.242120242 1.816943471 
0.044 309.87296 100 0.0164912 0.03850293333 169.9576533 209.87296 4.242120242 1.816943471 
0.045 314.6428 100 0.016866 0.039378 171.5476 214.6428 4.242120242 1.816943471 
0.046 319.41264 100 0.0172408 0.04025306667 173.1375467 219.41264 4.242120242 1.816943471 
0.047 324.18248 100 0.0176156 0.04112813333 174.7274933 224.18248 4.242120242 1.816943471 
0.048 328.95232 100 0.0179904 0.0420032 176.31744 228.95232 4.242120242 1.816943471 
0.049 333.72216 100 0.0183652 0.04287826667 177.9073867 233.72216 4.242120242 1.816943471 
0.05 338.492 100 0.01874 0.04375333333 179.4973333 238.492 4.242120242 1.816943471 
0.051 343.26184 100 0.0191148 0.0446284 181.08728 243.26184 0 -0 
0.052 343.26184 100 0.01864945852 0.04578351383 181.08728 243.26184 0 -0 
0.053 343.26184 100 0.01818411704 0.04693862765 181.08728 243.26184 0 -0 
0.054 343.26184 100 0.01771877555 0.04809374148 181.08728 243.26184 0 -0 
0.055 343.26184 100 0.01725343407 0.04924885531 181.08728 243.26184 0 -0 
0.056 343.26184 100 0.01678809259 0.05040396914 181.08728 243.26184 0 -0 
0.057 343.26184 100 0.01632275111 0.05155908296 181.08728 243.26184 0 -0 
0.058 343.26184 100 0.01585740963 0.05271419679 181.08728 243.26184 0 -0 
0.059 343.26184 100 0.01539206814 0.05386931062 181.08728 243.26184 0 -0 
0.06 343.26184 100 0.01492672666 0.05502442445 181.08728 243.26184 0 -0 
0.061 343.26184 100 0.01446138518 0.05617953827 181.08728 243.26184 0 -0 
0.062 343.26184 100 0.0139960437 0.0573346521 181.08728 243.26184 0 -0 
0.063 343.26184 100 0.01353070222 0.05848976593 181.08728 243.26184 0 -0 
0.064 343.26184 100 0.01306536073 0.05964487976 181.08728 243.26184 0 -0 
0.065 343.26184 100 0.01260001925 0.06079999358 181.08728 243.26184 0 -0 
0.066 343.26184 100 0.01213467777 0.06195510741 181.08728 243.26184 0 -0 
0.067 343.26184 100 0.01166933629 0.06311022124 181.08728 243.26184 0 -0 
0.068 343.26184 100 0.01120399481 0.06426533506 181.08728 243.26184 0 -0 
0.069 343.26184 100 0.01073865332 0.06542044889 181.08728 243.26184 0 -0 
0.07 343.26184 100 0.01027331184 0.06657556272 181.08728 243.26184 0 -0 
0.071 343.26184 100 0.009807970361 0.06773067655 181.08728 243.26184 0 -0 
0.072 343.26184 100 0.009342628879 0.06888579037 181.08728 243.26184 0 -0 
0.073 343.26184 100 0.008877287397 0.0700409042 181.08728 243.26184 0 -0 
0.074 343.26184 100 0.008411945915 0.07119601803 181.08728 243.26184 0 -0 
0.075 343.26184 100 0.007946604433 0.07235113186 181.08728 243.26184 0 -0 
0.076 343.26184 100 0.007481262951 0.07350624568 181.08728 243.26184 0 -0 
0.077 343.26184 100 0.007015921469 0.07466135951 181.08728 243.26184 0 -0 
0.078 343.26184 100 0.006550579987 0.07581647334 181.08728 243.26184 0 -0 
0.079 343.26184 100 0.006085238505 0.07697158716 181.08728 243.26184 0 -0 
0.08 343.26184 100 0.005619897023 0.07812670099 181.08728 243.26184 0 -0 
0.081 343.26184 100 0.005154555541 0.07928181482 181.08728 243.26184 0 -0 
0.082 343.26184 100 0.00468921406 0.08043692865 181.08728 243.26184 0 -0 
0.083 343.26184 100 0.004223872578 0.08159204247 181.08728 243.26184 0 -0 
0.084 343.26184 100 0.003758531096 0.0827471563 181.08728 243.26184 0 -0 
0.085 343.26184 100 0.003293189614 0.08390227013 181.08728 243.26184 0 -0 
0.086 343.26184 100 0.002827848132 0.08505738396 181.08728 243.26184 0 -0 
0.087 343.26184 100 0.00236250665 0.08621249778 181.08728 243.26184 0 -0 
0.088 343.26184 100 0.001897165168 0.08736761161 181.08728 243.26184 0 -0 
0.089 343.26184 100 0.001431823686 0.08852272544 181.08728 243.26184 0 -0 
0.09 343.26184 100 0.0009664822039 0.08967783927 181.08728 243.26184 0 -0 
0.091 343.26184 100 0.000501140722 0.09083295309 181.08728 243.26184 0 -0 
0.092 343.26184 100 3.579924003e-05 0.09198806692 181.08728 243.26184 0 -0 
0.093 343.26184 100 -0.0004295422419 0.09314318075 181.08728 243.26184 0 -0 
0.094 343.26184 100 -0.0008948837239 0.09429829457 181.08728 243.26184 0 -0 
0.095 343.26184 100 -0.001360225206 0.0954534084 181.08728 243.26184 0 -0 
0.096 343.26184 100 -0.001825566688 0.09660852223 181.08728 243.26184 0 -0 
0.097 343.26184 100 -0.00229090817 0.09776363606 181.08728 243.26184 0 -0 
0.098 343.26184 100 -0.002756249652 0.09891874988 181.08728 243.26184 0 -0 
0.099 343.26184 100 -0.003221591134 0.1000738637 181.08728 243.26184 0 -0 
0.1 343.26184 100 -0.003686932616 0.1012289775 181.08728 243.26184 0 -0 
0.101 343.26184 100 -0.004152274098 0.1023840914 181.08728 243.26184 0 -0 
0.102 343.26184 100 -0.004617615579 0.1035392052 181.08728 243.26184 0 -0 
0.103 343.26184 100 -0.005082957061 0.104694319 181.08728 243.26184 0 -0 
0.104 343.26184 100 -0.005548298543 0.1058494328 181.08728 243.26184 0 -0 
0.105 343.26184 100 -0.006013640025 0.1070045467 181.08728 243.26184 0 -0 
0.106 343.26184 100 -0.006478981507 0.1081596605 181.08728 243.26184 0 -0 
0.107 343.26184 100 -0.006944322989 0.1093147743 181.08728 243.26184 0 -0 
0.108 343.26184 100 -0.007409664471 0.1104698882 181.08728 243.26184 0 -0 
0.109 343.26184 100 -0.007875005953 0.111625002 181.08728 243.26184 0 -0 
0.11 343.26184 100 -0.008340347435 0.1127801158 181.08728 243.26184 0 -0 
0.111 343.26184 100 -0.008805688917 0.1139352296 181.08728 243.26184 0 -0 
0.112 343.26184 100 -0.009271030399 0.1150903435 181.08728 243.26184 0 -0 
0.113 343.26184 100 -0.009736371881 0.1162454573 181.08728 243.26184 0 -0 
0.114 343.26184 100 -0.01020171336 0.1174005711 181.08728 243.26184 0 -0 
0.115 343.26184 100 -0.01066705484 0.1185556849 181.08728 243.26184 0 -0 
0.116 343.26184 100 -0.01113239633 0.1197107988 181.08728 243.26184 0 -0 
0.117 343.26184 100 -0.01159773781 0.1208659126 181.08728 243.26184 0 -0 
0.118 343.26184 100 -0.01206307929 0.1220210264 181.08728 243.26184 0 -0 
0.119 343.26184 100 -0.01252842077 0.1231761403 181.08728 243.26184 0 -0 
0.12 343.26184 100 -0.01299376225 0.1243312541 181.08728 243.26184 0 -0 
0.121 343.26184 100 -0.01345910374 0.1254863679 181.08728 243.26184 0 -0 
0.122 343.26184 100 -0.01392444522 0.1266414817 181.08728 243.26184 0 -0 
0.123 343.26184 100 -0.0143897867 0.1277965956 181.08728 243.26184 0 -0 
0.124 343.26184 100 -0.01485512818 0.1289517094 181.08728 243.26184 0 -0 
0.125 343.26184 100 -0.01532046966 0.1301068232 181.08728 243.26184 0 -0 
0.126 343.26184 100 -0.01578581115 0.131261937 181.08728 243.26184 0 -0 
0.127 343.26184 100 -0.01625115263 0.1324170509 181.08728 243.26184 0 -0 
0.128 343.26184 100 -0.01671649411 0.1335721647 181.08728 243.26184 0 -0 
0.129 343.26184 100 -0.01718183559 0.1347272785 181.08728 243.26184 0 -0 
0.13 343.26184 100 -0.01764717707 0.1358823924 181.08728 243.26184 0 -0 
0.131 343.26184 100 -0.01811251856 0.1370375062 181.08728 243.26184 0 -0 
0.132 343.26184 100 -0.01857786004 0.13819262 181.08728 243.26184 0 -0 
0.133 343.26184 100 -0.01904320152 0.1393477338 181.08728 243.26184 0 -0 
0.134 343.26184 100 -0.019508543 0.1405028477 181.08728 243.26184 0 -0 
0.135 343.26184 100 -0.01997388448 0.1416579615 181.08728 243.26184 0 -0 
0.136 343.26184 100 -0.02043922597 0.1428130753 181.08728 243.26184 0 -0 
0.137 343.26184 100 -0.02090456745 0.1439681891 181.08728 243.26184 0 -0 
0.138 343.26184 100 -0.02136990893 0.145123303 181.08728 243.26184 0 -0 
0.139 343.26184 100 -0.02183525041 0.1462784168 181.08728 243.26184 0 -0 
0.14 343.26184 100 -0.02230059189 0.1474335306 181.08728 243.26184 0 -0 
0.141 343.26184 100 -0.02276593338 0.1485886445 181.08728 243.26184 0 -0 
0.142 343.26184 100 -0.02323127486 0.1497437583 181.08728 243.26184 0 -0 
0.143 343.26184 100 -0.02369661634 0.1508988721 181.08728 243.26184 0 -0 
0.144 343.26184 100 -0.02416195782 0.1520539859 181.08728 243.26184 0 -0 
0.145 343.26184 100 -0.0246272993 0.1532090998 181.08728 243.26184 0 -0 
0.146 343.26184 100 -0.02509264079 0.1543642136 181.08728 243.26184 0 -0 
0.147 343.26184 100 -0.02555798227 0.1555193274 181.08728 243.26184 0 -0 
0.148 343.26184 100 -0.02602332375 0.1566744412 181.08728 243.26184 0 -0 
0.149 343.26184 100 -0.02648866523 0.1578295551 181.08728 243.26184 0 -0 
0.15 343.26184 100 -0.02695400671 0.1589846689 181.08728 243.26184 0 -0 
0.151 343.26184 100 -0.0274193482 0.1601397827 181.08728 243.26184 0 -0 
0.152 343.26184 100 -0.02788468968 0.1612948966 181.08728 243.26184 0 -0 
0.153 343.26184 100 -0.02835003116 0.1624500104 181.08728 243.26184 0 -0 
0.154 343.26184 100 -0.02881537264 0.1636051242 181.08728 243.26184 0 -0 
0.155 343.26184 100 -0.02928071412 0.164760238 181.08728 243.26184 0 -0 
0.156 343.26184 100 -0.0297460556 0.1659153519 181.08728 243.26184 0 -0 
0.157 343.26184 100 -0.03021139709 0.1670704657 181.08728 243.26184 0 -0 
0.158 343.26184 100 -0.03067673857 0.1682255795 181.08728 243.26184 0 -0 
0.159 343.26184 100 -0.03114208005 0.1693806934 181.08728 243.26184 0 -0 
0.16 343.26184 100 -0.03160742153 0.1705358072 181.08728 243.26184 0 -0 
0.161 343.26184 100 -0.03207276301 0.171690921 181.08728 243.26184 0 -0 
0.162 343.26184 100 -0.0325381045 0.1728460348 181.08728 243.26184 0 -0 
0.163 343.26184 100 -0.03300344598 0.1740011487 181.08728 243.26184 0 -0 
0.164 343.26184 100 -0.03346878746 0.1751562625 181.08728 243.26184 0 -0 
0.165 343.26184 100 -0.03393412894 0.1763113763 181.08728 243.26184 0 -0 
0.166 343.26184 100 -0.03439947042 0.1774664901 181.08728 243.26184 0 -0 
0.167 343.26184 100 -0.03486481191 0.178621604 181.08728 243.26184 0 -0 
0.168 343.26184 100 -0.03533015339 0.1797767178 181.08728 243.26184 0 -0 
0.169 343.26184 100 -0.03579549487 0.1809318316 181.08728 243.26184 0 -0 
0.17 343.26184 100 -0.03626083635 0.1820869455 181.08728 243.26184 0 -0 
0.171 343.26184 100 -0.03672617783 0.1832420593 181.08728 243.26184 0 -0 
0.172 343.26184 100 -0.03719151932 0.1843971731 181.08728 243.26184 0 -0 
0.173 343.26184 100 -0.0376568608 0.1855522869 181.08728 243.26184 0 -0 
0.174 343.26184 100 -0.03812220228 0.1867074008 181.08728 243.26184 0 -0 
0.175 343.26184 100 -0.03858754376 0.1878625146 181.08728 243.26184 0 -0 
0.176 343.26184 100 -0.03905288524 0.1890176284 181.08728 243.26184 0 -0 
0.177 343.26184 100 -0.03951822673 0.1901727422 181.08728 243.26184 0 -0 
0.178 343.26184 100 -0.03998356821 0.1913278561 181.08728 243.26184 0 -0 
0.179 343.26184 100 -0.04044890969 0.1924829699 181.08728 243.26184 0 -0 
0.18 343.26184 100 -0.04091425117 0.1936380837 181.08728 243.26184 0 -0 
0.181 343.26184 100 -0.04137959265 0.1947931976 181.08728 243.26184 0 -0 
0.182 343.26184 100 -0.04184493414 0.1959483114 181.08728 243.26184 0 -0 
0.183 343.26184 100 -0.04231027562 0.1971034252 181.08728 243.26184 0 -0 
0.184 343.26184 100 -0.0427756171 0.198258539 181.08728 243.26184 0 -0 
0.185 343.26184 100 -0.04324095858 0.1994136529 181.08728 243.26184 0 -0 
0.186 343.26184 100 -0.04370630006 0.2005687667 181.08728 243.26184 0 -0 
0.187 343.26184 100 -0.04417164155 0.2017238805 181.08728 243.26184 0 -0 
0.188 343.26184 100 -0.04463698303 0.2028789943 181.08728 243.26184 0 -0 
0.189 343.26184 100 -0.04510232451 0.2040341082 181.08728 243.26184 0 -0 
0.19 343.26184 100 -0.04556766599 0.205189222 181.08728 243.26184 0 -0 
0.191 343.26184 100 -0.04603300747 0.2063443358 181.08728 243.26184 0 -0 
0.192 343.26184 100 -0.04649834896 0.2074994497 181.08728 243.26184 0 -0 
0.193 343.26184 100 -0.04696369044 0.2086545635 181.08728 243.26184 0 -0 
0.194 343.26184 100 -0.04742903192 0.2098096773 181.08728 243.26184 0 -0 
0.195 343.26184 100 -0.0478943734 0.2109647911 181.08728 243.26184 0 -0 
0.196 343.26184 100 -0.04835971488 0.212119905 181.08728 243.26184 0 -0 
0.197 343.26184 100 -0.04882505636 0.2132750188 181.08728 243.26184 0 -0 
0.198 343.26184 100 -0.04929039785 0.2144301326 181.08728 243.26184 0 -0 
0.199 343.26184 100 -0.04975573933 0.2155852464 181.08728 243.26184 0 -0 
0.2 343.26184 100 -0.05022108081 0.2167403603 181.08728 243.26184 0 -0 
0.201 343.26184 100 -0.05068642229 0.2178954741 181.08728 243.26184 0 -0 
0.202 343.26184 100 -0.05115176377 0.2190505879 181.08728 243.26184 0 -0 
0.203 343.26184 100 -0.05161710526 0.2202057018 181.08728 243.26184 0 -0 
0.204 343.26184 100 -0.05208244674 0.2213608156 181.08728 243.26184 0 -0 
0.205 343.26184 100 -0.05254778822 0.2225159294 181.08728 243.26184 0 -0 
0.206 343.26184 100 -0.0530131297 0.2236710432 181.08728 243.26184 0 -0 
0.207 343.26184 100 -0.05347847118 0.2248261571 181.08728 243.26184 0 -0 
0.208 343.26184 100 -0.05394381267 0.2259812709 181.08728 243.26184 0 -0 
0.209 343.26184 100 -0.05440915415 0.2271363847 181.08728 243.26184 0 -0 
0.21 343.26184 100 -0.05487449563 0.2282914985 181.08728 243.26184 0 -0 
0.211 343.26184 100 -0.05533983711 0.2294466124 181.08728 243.26184 0 -0 
0.212 343.26184 100 -0.05580517859 0.2306017262 181.08728 243.26184 0 -0 
0.213 343.26184 100 -0.05627052008 0.23175684 181.08728 243.26184 0 -0 
0.214 343.26184 100 -0.05673586156 0.2329119539 181.08728 243.26184 0 -0 
0.215 343.26184 100 -0.05720120304 0.2340670677 181.08728 243.26184 0 -0 
0.216 343.26184 100 -0.05766654452 0.2352221815 181.08728 243.26184 0 -0 
0.217 343.26184 100 -0.058131886 0.2363772953 181.08728 243.26184 0 -0 
0.218 343.26184 100 -0.05859722749 0.2375324092 181.08728 243.26184 0 -0 
0.219 343.26184 100 -0.05906256897 0.238687523 181.08728 243.26184 0 -0 
0.22 343.26184 100 -0.05952791045 0.2398426368 181.08728 243.26184 0 -0 
0.221 343.26184 100 -0.05999325193 0.2409977506 181.08728 243.26184 0 -0 
0.222 343.26184 100 -0.06045859341 0.2421528645 181.08728 243.26184 0 -0 
0.223 343.26184 100 -0.0609239349 0.2433079783 181.08728 243.26184 0 -0 
0.224 343.26184 100 -0.06138927638 0.2444630921 181.08728 243.26184 0 -0 
0.225 343.26184 100 -0.06185461786 0.245618206 181.08728 243.26184 0 -0 
0.226 343.26184 100 -0.06231995934 0.2467733198 181.08728 243.26184 0 -0 
0.227 343.26184 100 -0.06278530082 0.2479284336 181.08728 243.26184 0 -0 
0.228 343.26184 100 -0.06325064231 0.2490835474 181.08728 243.26184 0 -0 
0.229 343.26184 100 -0.06371598379 0.2502386613 181.08728 243.26184 0 -0 
0.23 343.26184 100 -0.06418132527 0.2513937751 181.08728 243.26184 0 -0 
0.231 343.26184 100 -0.06464666675 0.2525488889 181.08728 243.26184 0 -0 
0.232 343.26184 100 -0.06511200823 0.2537040027 181.08728 243.26184 0 -0 
0.233 343.26184 100 -0.06557734971 0.2548591166 181.08728 243.26184 0 -0 
0.234 343.26184 100 -0.0660426912 0.2560142304 181.08728 243.26184 0 -0 
0.235 343.26184 100 -0.06650803268 0.2571693442 181.08728 243.26184 0 -0 
0.236 343.26184 100 -0.06697337416 0.2583244581 181.08728 243.26184 0 -0 
0.237 343.26184 100 -0.06743871564 0.2594795719 181.08728 243.26184 0 -0 
0.238 343.26184 100 -0.06790405712 0.2606346857 181.08728 243.26184 0 -0 
0.239 343.26184 100 -0.06836939861 0.2617897995 181.08728 243.26184 0 -0 
0.24 343.26184 100 -0.06883474009 0.2629449134 181.08728 243.26184 0 -0 
0.241 343.26184 100 -0.06930008157 0.2641000272 181.08728 243.26184 0 -0 
0.242 343.26184 100 -0.06976542305 0.265255141 181.08728 243.26184 0 -0 
0.243 343.26184 100 -0.07023076453 0.2664102548 181.08728 243.26184 0 -0 
0.244 343.26184 100 -0.07069610602 0.2675653687 181.08728 243.26184 0 -0 
0.245 343.26184 100 -0.0711614475 0.2687204825 181.08728 243.26184 0 -0 
0.246 343.26184 100 -0.07162678898 0.2698755963 181.08728 243.26184 0 -0 
0.247 343.26184 100 -0.07209213046 0.2710307102 181.08728 243.26184 0 -0 
0.248 343.26184 100 -0.07255747194 0.272185824 181.08728 243.26184 0 -0 
0.249 343.26184 100 -0.07302281343 0.2733409378 181.08728 243.26184 0 -0 
0.25 343.26184 100 -0.07348815491 0.2744960516 181.08728 243.26184 0 -0 
0.251 343.26184 100 -0.07395349639 0.2756511655 181.08728 243.26184 0 -0 
0.252 343.26184 100 -0.07441883787 0.2768062793 181.08728 243.26184 0 -0 
0.253 343.26184 100 -0.07488417935 0.2779613931 181.08728 243.26184 0 -0 
0.254 343.26184 100 -0.07534952084 0.2791165069 181.08728 243.26184 0 -0 
0.255 343.26184 100 -0.07581486232 0.2802716208 181.08728 243.26184 0 -0 
0.256 343.26184 100 -0.0762802038 0.2814267346 181.08728 243.26184 0 -0 
0.257 343.26184 100 -0.07674554528 0.2825818484 181.08728 243.26184 0 -0 
0.258 343.26184 100 -0.07721088676 0.2837369623 181.08728 243.26184 0 -0 
0.259 343.26184 100 -0.07767622825 0.2848920761 181.08728 243.26184 0 -0 
0.26 343.26184 100 -0.07814156973 0.2860471899 181.08728 243.26184 0 -0 
0.261 343.26184 100 -0.07860691121 0.2872023037 181.08728 243.26184 0 -0 
0.262 343.26184 100 -0.07907225269 0.2883574176 181.08728 243.26184 0 -0 
0.263 343.26184 100 -0.07953759417 0.2895125314 181.08728 243.26184 0 -0 
0.264 343.26184 100 -0.08000293566 0.2906676452 181.08728 243.26184 0 -0 
0.265 343.26184 100 -0.08046827714 0.291822759 181.08728 243.26184 0 -0 
0.266 343.26184 100 -0.08093361862 0.2929778729 181.08728 243.26184 0 -0 
0.267 343.26184 100 -0.0813989601 0.2941329867 181.08728 243.26184 0 -0 
0.268 343.26184 100 -0.08186430158 0.2952881005 181.08728 243.26184 0 -0 
0.269 343.26184 100 -0.08232964307 0.2964432144 181.08728 243.26184 0 -0 
0.27 343.26184 100 -0.08279498455 0.2975983282 181.08728 243.26184 0 -0 
0.271 343.26184 100 -0.08326032603 0.298753442 181.08728 243.26184 0 -0 
0.272 343.26184 100 -0.08372566751 0.2999085558 181.08728 243.26184 0 -0 
0.273 343.26184 100 -0.08419100899 0.3010636697 181.08728 243.26184 0 -0 
0.274 343.26184 100 -0.08465635047 0.3022187835 181.08728 243.26184 0 -0 
0.275 343.26184 100 -0.08512169196 0.3033738973 181.08728 243.26184 0 -0 
0.276 343.26184 100 -0.08558703344 0.3045290111 181.08728 243.26184 0 -0 
0.277 343.26184 100 -0.08605237492 0.305684125 181.08728 243.26184 0 -0 
0.278 343.26184 100 -0.0865177164 0.3068392388 181.08728 243.26184 0 -0 
0.279 343.26184 100 -0.08698305788 0.3079943526 181.08728 243.26184 0 -0 
0.28 343.26184 100 -0.08744839937 0.3091494665 181.08728 243.26184 0 -0 
0.281 343.26184 100 -0.08791374085 0.3103045803 181.08728 243.26184 0 -0 
0.282 343.26184 100 -0.08837908233 0.3114596941 181.08728 243.26184 0 -0 
0.283 343.26184 100 -0.08884442381 0.3126148079 181.08728 243.26184 0 -0 
0.284 343.26184 100 -0.08930976529 0.3137699218 181.08728 243.26184 0 -0 
0.285 343.26184 100 -0.08977510678 0.3149250356 181.08728 243.26184 0 -0 
0.286 343.26184 100 -0.09024044826 0.3160801494 181.08728 243.26184 0 -0 
0.287 343.26184 100 -0.09070578974 0.3172352632 181.08728 243.26184 0 -0 
0.288 343.26184 100 -0.09117113122 0.3183903771 181.08728 243.26184 0 -0 
0.289 343.26184 100 -0.0916364727 0.3195454909 181.08728 243.26184 0 -0 
0.29 343.26184 100 -0.09210181419 0.3207006047 181.08728 243.26184 0 -0 
0.291 343.26184 100 -0.09256715567 0.3218557186 181.08728 243.26184 0 -0 
0.292 343.26184 100 -0.09303249715 0.3230108324 181.08728 243.26184 0 -0 
0.293 343.26184 100 -0.09349783863 0.3241659462 181.08728 243.26184 0 -0 
0.294 343.26184 100 -0.09396318011 0.32532106 181.08728 243.26184 0 -0 
0.295 343.26184 100 -0.0944285216 0.3264761739 181.08728 243.26184 0 -0 
0.296 343.26184 100 -0.09489386308 0.3276312877 181.08728 243.26184 0 -0 
0.297 343.26184 100 -0.09535920456 0.3287864015 181.08728 243.26184 0 -0 
0.298 343.26184 100 -0.09582454604 0.3299415153 181.08728 243.26184 0 -0 
0.299 343.26184 100 -0.09628988752 0.3310966292 181.08728 243.26184 0 -0 
0.3 343.26184 100 -0.09675522901 0.332251743 181.08728 243.26184 0 -0 
0.301 343.26184 100 -0.09722057049 0.3334068568 181.08728 243.26184 0 -0 
0.302 343.26184 100 -0.09768591197 0.3345619707 181.08728 243.26184 0 -0 
0.303 343.26184 100 -0.09815125345 0.3357170845 181.08728 243.26184 0 -0 
0.304 343.26184 100 -0.09861659493 0.3368721983 181.08728 243.26184 0 -0 
0.305 343.26184 100 -0.09908193642 0.3380273121 181.08728 243.26184 0 -0 
0.306 343.26184 100 -0.0995472779 0.339182426 181.08728 243.26184 0 -0 
0.307 343.26184 100 -0.1000126194 0.3403375398 181.08728 243.26184 0 -0 
0.308 343.26184 100 -0.1004779609 0.3414926536 181.08728 243.26184 0 -0 
0.309 343.26184 100 -0.1009433023 0.3426477674 181.08728 243.26184 0 -0 
0.31 343.26184 100 -0.1014086438 0.3438028813 181.08728 243.26184 0 -0 
0.311 343.26184 100 -0.1018739853 0.3449579951 181.08728 243.26184 0 -0 
0.312 343.26184 100 -0.1023393268 0.3461131089 181.08728 243.26184 0 -0 
0.313 343.26184 100 -0.1028046683 0.3472682228 181.08728 243.26184 0 -0 
0.314 343.26184 100 -0.1032700098 0.3484233366 181.08728 243.26184 0 -0 
0.315 343.26184 100 -0.1037353512 0.3495784504 181.08728 243.26184 0 -0 
0.316 343.26184 100 -0.1042006927 0.3507335642 181.08728 243.26184 0 -0 
0.317 343.26184 100 -0.1046660342 0.3518886781 181.08728 243.26184 0 -0 
0.318 343.26184 100 -0.1051313757 0.3530437919 181.08728 243.26184 0 -0 
0.319 343.26184 100 -0.1055967172 0.3541989057 181.08728 243.26184 0 -0 
0.32 343.26184 100 -0.1060620586 0.3553540195 181.08728 243.26184 0 -0 
0.321 343.26184 100 -0.1065274001 0.3565091334 181.08728 243.26184 0 -0 
0.322 343.26184 100 -0.1069927416 0.3576642472 181.08728 243.26184 0 -0 
0.323 343.26184 100 -0.1074580831 0.358819361 181.08728 243.26184 0 -0 
0.324 343.26184 100 -0.1079234246 0.3599744749 181.08728 243.26184 0 -0 
0.325 343.26184 100 -0.1083887661 0.3611295887 181.08728 243.26184 0 -0 
0.326 343.26184 100 -0.1088541075 0.3622847025 181.08728 243.26184 0 -0 
0.327 343.26184 100 -0.109319449 0.3634398163 181.08728 243.26184 0 -0 
0.328 343.26184 100 -0.1097847905 0.3645949302 181.08728 243.26184 0 -0 
